<?xml version="1.0" encoding="UTF-8"?>
<!-- Generated by org.testng.reporters.JUnitReportReporter -->
<testsuite skipped="0" hostname="Sony-PC" name="com.abc.www.Testproject.Testscript.SupportTest" tests="2" failures="0" timestamp="2019-10-06T16:11:08 IST" time="11.943" errors="2">
  <testcase name="support" time="11.941" classname="com.abc.www.Testproject.Testscript.SupportTest">
    <error type="org.openqa.selenium.SessionNotCreatedException" message="session not created
from disconnected: Unable to receive message from renderer
  (Session info: chrome=77.0.3865.90)
Build info: version: &#039;3.141.59&#039;, revision: &#039;e82be7d358&#039;, time: &#039;2018-11-14T08:25:48&#039;
System info: host: &#039;SONY-PC&#039;, ip: &#039;192.168.0.117&#039;, os.name: &#039;Windows 7&#039;, os.arch: &#039;amd64&#039;, os.version: &#039;6.1&#039;, java.version: &#039;1.8.0_221&#039;
Driver info: driver.version: ChromeDriver
remote stacktrace: Backtrace:
	Ordinal0 [0x004C7C53+1473619]
	Ordinal0 [0x0044AD71+961905]
	Ordinal0 [0x003D42B3+475827]
	Ordinal0 [0x003CC420+443424]
	Ordinal0 [0x003CBA5C+440924]
	Ordinal0 [0x003CB5F4+439796]
	Ordinal0 [0x003CB5B5+439733]
	Ordinal0 [0x003CFCB9+457913]
	Ordinal0 [0x003CB56C+439660]
	Ordinal0 [0x003CC0C5+442565]
	Ordinal0 [0x003CBA5C+440924]
	Ordinal0 [0x003CB5F4+439796]
	Ordinal0 [0x003CB5B5+439733]
	Ordinal0 [0x003CF457+455767]
	Ordinal0 [0x003CB56C+439660]
	Ordinal0 [0x003CC0C5+442565]
	Ordinal0 [0x003CBA5C+440924]
	Ordinal0 [0x003CB5F4+439796]
	Ordinal0 [0x003CB5B5+439733]
	Ordinal0 [0x003C824C+426572]
	Ordinal0 [0x003CB56C+439660]
	Ordinal0 [0x003CB454+439380]
	Ordinal0 [0x003D4F10+478992]
	Ordinal0 [0x003898FE+170238]
	Ordinal0 [0x00388D1D+167197]
	Ordinal0 [0x0038742B+160811]
	Ordinal0 [0x00370AE6+68326]
	Ordinal0 [0x00371BF0+72688]
	Ordinal0 [0x00371B89+72585]
	Ordinal0 [0x00464B37+1067831]
	GetHandleVerifier [0x00566845+506677]
	GetHandleVerifier [0x005665E0+506064]
	GetHandleVerifier [0x0056D188+533624]
	GetHandleVerifier [0x0056701A+508682]
	Ordinal0 [0x0045C226+1032742]
	Ordinal0 [0x0045C09F+1032351]
	Ordinal0 [0x00466A4B+1075787]
	Ordinal0 [0x00466BB3+1076147]
	Ordinal0 [0x00465B65+1071973]
	BaseThreadInitThunk [0x7589343D+18]
	RtlInitializeExceptionChain [0x77609802+99]
	RtlInitializeExceptionChain [0x776097D5+54]
">
      <![CDATA[org.openqa.selenium.SessionNotCreatedException: session not created
from disconnected: Unable to receive message from renderer
  (Session info: chrome=77.0.3865.90)
Build info: version: '3.141.59', revision: 'e82be7d358', time: '2018-11-14T08:25:48'
System info: host: 'SONY-PC', ip: '192.168.0.117', os.name: 'Windows 7', os.arch: 'amd64', os.version: '6.1', java.version: '1.8.0_221'
Driver info: driver.version: ChromeDriver
remote stacktrace: Backtrace:
Ordinal0 [0x004C7C53+1473619]
Ordinal0 [0x0044AD71+961905]
Ordinal0 [0x003D42B3+475827]
Ordinal0 [0x003CC420+443424]
Ordinal0 [0x003CBA5C+440924]
Ordinal0 [0x003CB5F4+439796]
Ordinal0 [0x003CB5B5+439733]
Ordinal0 [0x003CFCB9+457913]
Ordinal0 [0x003CB56C+439660]
Ordinal0 [0x003CC0C5+442565]
Ordinal0 [0x003CBA5C+440924]
Ordinal0 [0x003CB5F4+439796]
Ordinal0 [0x003CB5B5+439733]
Ordinal0 [0x003CF457+455767]
Ordinal0 [0x003CB56C+439660]
Ordinal0 [0x003CC0C5+442565]
Ordinal0 [0x003CBA5C+440924]
Ordinal0 [0x003CB5F4+439796]
Ordinal0 [0x003CB5B5+439733]
Ordinal0 [0x003C824C+426572]
Ordinal0 [0x003CB56C+439660]
Ordinal0 [0x003CB454+439380]
Ordinal0 [0x003D4F10+478992]
Ordinal0 [0x003898FE+170238]
Ordinal0 [0x00388D1D+167197]
Ordinal0 [0x0038742B+160811]
Ordinal0 [0x00370AE6+68326]
Ordinal0 [0x00371BF0+72688]
Ordinal0 [0x00371B89+72585]
Ordinal0 [0x00464B37+1067831]
GetHandleVerifier [0x00566845+506677]
GetHandleVerifier [0x005665E0+506064]
GetHandleVerifier [0x0056D188+533624]
GetHandleVerifier [0x0056701A+508682]
Ordinal0 [0x0045C226+1032742]
Ordinal0 [0x0045C09F+1032351]
Ordinal0 [0x00466A4B+1075787]
Ordinal0 [0x00466BB3+1076147]
Ordinal0 [0x00465B65+1071973]
BaseThreadInitThunk [0x7589343D+18]
RtlInitializeExceptionChain [0x77609802+99]
RtlInitializeExceptionChain [0x776097D5+54]

at sun.reflect.NativeConstructorAccessorImpl.newInstance0(Native Method)
at sun.reflect.NativeConstructorAccessorImpl.newInstance(Unknown Source)
at sun.reflect.DelegatingConstructorAccessorImpl.newInstance(Unknown Source)
at java.lang.reflect.Constructor.newInstance(Unknown Source)
at org.openqa.selenium.remote.W3CHandshakeResponse.lambda$errorHandler$0(W3CHandshakeResponse.java:62)
at org.openqa.selenium.remote.HandshakeResponse.lambda$getResponseFunction$0(HandshakeResponse.java:30)
at org.openqa.selenium.remote.ProtocolHandshake.lambda$createSession$0(ProtocolHandshake.java:126)
at java.util.stream.ReferencePipeline$3$1.accept(Unknown Source)
at java.util.Spliterators$ArraySpliterator.tryAdvance(Unknown Source)
at java.util.stream.ReferencePipeline.forEachWithCancel(Unknown Source)
at java.util.stream.AbstractPipeline.copyIntoWithCancel(Unknown Source)
at java.util.stream.AbstractPipeline.copyInto(Unknown Source)
at java.util.stream.AbstractPipeline.wrapAndCopyInto(Unknown Source)
at java.util.stream.FindOps$FindOp.evaluateSequential(Unknown Source)
at java.util.stream.AbstractPipeline.evaluate(Unknown Source)
at java.util.stream.ReferencePipeline.findFirst(Unknown Source)
at org.openqa.selenium.remote.ProtocolHandshake.createSession(ProtocolHandshake.java:128)
at org.openqa.selenium.remote.ProtocolHandshake.createSession(ProtocolHandshake.java:74)
at org.openqa.selenium.remote.HttpCommandExecutor.execute(HttpCommandExecutor.java:136)
at org.openqa.selenium.remote.service.DriverCommandExecutor.execute(DriverCommandExecutor.java:83)
at org.openqa.selenium.remote.RemoteWebDriver.execute(RemoteWebDriver.java:552)
at org.openqa.selenium.remote.RemoteWebDriver.startSession(RemoteWebDriver.java:213)
at org.openqa.selenium.remote.RemoteWebDriver.<init>(RemoteWebDriver.java:131)
at org.openqa.selenium.chrome.ChromeDriver.<init>(ChromeDriver.java:181)
at org.openqa.selenium.chrome.ChromeDriver.<init>(ChromeDriver.java:168)
at org.openqa.selenium.chrome.ChromeDriver.<init>(ChromeDriver.java:123)
at com.abc.www.Testproject.Testscript.SupportTest.support(SupportTest.java:16)
at sun.reflect.NativeMethodAccessorImpl.invoke0(Native Method)
at sun.reflect.NativeMethodAccessorImpl.invoke(Unknown Source)
at sun.reflect.DelegatingMethodAccessorImpl.invoke(Unknown Source)
at java.lang.reflect.Method.invoke(Unknown Source)
at org.testng.internal.MethodInvocationHelper.invokeMethod(MethodInvocationHelper.java:133)
at org.testng.internal.TestInvoker.invokeMethod(TestInvoker.java:584)
at org.testng.internal.TestInvoker.invokeTestMethod(TestInvoker.java:172)
at org.testng.internal.MethodRunner.runInSequence(MethodRunner.java:46)
at org.testng.internal.TestInvoker$MethodInvocationAgent.invoke(TestInvoker.java:804)
at org.testng.internal.TestInvoker.invokeTestMethods(TestInvoker.java:145)
at org.testng.internal.TestMethodWorker.invokeTestMethods(TestMethodWorker.java:146)
at org.testng.internal.TestMethodWorker.run(TestMethodWorker.java:128)
at java.util.ArrayList.forEach(Unknown Source)
at org.testng.TestRunner.privateRun(TestRunner.java:770)
at org.testng.TestRunner.run(TestRunner.java:591)
at org.testng.SuiteRunner.runTest(SuiteRunner.java:402)
at org.testng.SuiteRunner.runSequentially(SuiteRunner.java:396)
at org.testng.SuiteRunner.privateRun(SuiteRunner.java:355)
at org.testng.SuiteRunner.run(SuiteRunner.java:304)
at org.testng.SuiteRunnerWorker.runSuite(SuiteRunnerWorker.java:53)
at org.testng.SuiteRunnerWorker.run(SuiteRunnerWorker.java:96)
at org.testng.TestNG.runSuitesSequentially(TestNG.java:1180)
at org.testng.TestNG.runSuitesLocally(TestNG.java:1102)
at org.testng.TestNG.runSuites(TestNG.java:1032)
at org.testng.TestNG.run(TestNG.java:1000)
at org.testng.remote.AbstractRemoteTestNG.run(AbstractRemoteTestNG.java:115)
at org.testng.remote.RemoteTestNG.initAndRun(RemoteTestNG.java:251)
at org.testng.remote.RemoteTestNG.main(RemoteTestNG.java:77)
]]>
    </error>
  </testcase> <!-- support -->
  <testcase name="close" time="0.002" classname="com.abc.www.Testproject.Testscript.SupportTest">
    <error type="java.lang.NullPointerException">
      <![CDATA[java.lang.NullPointerException
at com.abc.www.Testproject.Testscript.SupportTest.close(SupportTest.java:35)
at sun.reflect.NativeMethodAccessorImpl.invoke0(Native Method)
at sun.reflect.NativeMethodAccessorImpl.invoke(Unknown Source)
at sun.reflect.DelegatingMethodAccessorImpl.invoke(Unknown Source)
at java.lang.reflect.Method.invoke(Unknown Source)
at org.testng.internal.MethodInvocationHelper.invokeMethod(MethodInvocationHelper.java:133)
at org.testng.internal.MethodInvocationHelper.invokeMethodConsideringTimeout(MethodInvocationHelper.java:62)
at org.testng.internal.ConfigInvoker.invokeConfigurationMethod(ConfigInvoker.java:340)
at org.testng.internal.ConfigInvoker.invokeConfigurations(ConfigInvoker.java:294)
at org.testng.SuiteRunner.privateRun(SuiteRunner.java:369)
at org.testng.SuiteRunner.run(SuiteRunner.java:304)
at org.testng.SuiteRunnerWorker.runSuite(SuiteRunnerWorker.java:53)
at org.testng.SuiteRunnerWorker.run(SuiteRunnerWorker.java:96)
at org.testng.TestNG.runSuitesSequentially(TestNG.java:1180)
at org.testng.TestNG.runSuitesLocally(TestNG.java:1102)
at org.testng.TestNG.runSuites(TestNG.java:1032)
at org.testng.TestNG.run(TestNG.java:1000)
at org.testng.remote.AbstractRemoteTestNG.run(AbstractRemoteTestNG.java:115)
at org.testng.remote.RemoteTestNG.initAndRun(RemoteTestNG.java:251)
at org.testng.remote.RemoteTestNG.main(RemoteTestNG.java:77)
]]>
    </error>
  </testcase> <!-- close -->
</testsuite> <!-- com.abc.www.Testproject.Testscript.SupportTest -->
